<?xml version="1.0" encoding="UTF-8"?>
<!-- Generated by org.testng.reporters.JUnitXMLReporter -->
<testsuite ignored="3" hostname="Think-Pad" failures="0" tests="2" name="Test(failed)" time="0.072" errors="0" timestamp="2023-05-13T19:28:32 EDT">
  <testcase classname="smarttech.ny.hooks.FailedTestCases" name="getTestOne" time="0.017"/>
  <testcase classname="smarttech.ny.hooks.FailedTestCases" name="getTestThree" time="0.001"/>
  <testcase classname="smarttech.ny.hooks.FailedTestCases" name="getTestFour" time="0.0">
    <ignored/>
  </testcase> <!-- getTestFour -->
  <testcase classname="smarttech.ny.hooks.FailedTestCases" name="getTestTwo" time="0.0">
    <ignored/>
  </testcase> <!-- getTestTwo -->
  <testcase classname="smarttech.ny.hooks.FailedTestCases" name="getTestFive" time="0.0">
    <ignored/>
  </testcase> <!-- getTestFive -->
</testsuite> <!-- Test(failed) -->
