<?xml version="1.0" encoding="UTF-8"?>
<testng-results ignored="0" total="1" passed="1" failed="0" skipped="0">
  <reporter-output>
  </reporter-output>
  <suite started-at="2023-06-17T16:04:11 EDT" name="Suite1" finished-at="2023-06-17T16:04:23 EDT" duration-ms="11648">
    <groups>
      <group name="cucumber">
        <method signature="AbstractTestNGCucumberTests.runScenario(io.cucumber.testng.PickleWrapper,io.cucumber.testng.FeatureWrapper)[pri:0, instance:smarttech.ny.myrunner.TestRunner@54a7079e]" name="runScenario" class="io.cucumber.testng.AbstractTestNGCucumberTests"/>
      </group> <!-- cucumber -->
    </groups>
    <test started-at="2023-06-17T16:04:11 EDT" name="functionaltest" finished-at="2023-06-17T16:04:23 EDT" duration-ms="11648">
      <class name="smarttech.ny.myrunner.TestRunner">
        <test-method is-config="true" signature="setUpClass()[pri:0, instance:smarttech.ny.myrunner.TestRunner@54a7079e]" started-at="2023-06-17T16:04:11 EDT" name="setUpClass" finished-at="2023-06-17T16:04:11 EDT" duration-ms="288" status="PASS">
          <reporter-output>
          </reporter-output>
        </test-method> <!-- setUpClass -->
        <test-method signature="runScenario(io.cucumber.testng.PickleWrapper,io.cucumber.testng.FeatureWrapper)[pri:0, instance:smarttech.ny.myrunner.TestRunner@54a7079e]" started-at="2023-06-17T16:04:11 EDT" name="runScenario" description="Runs Cucumber Scenarios" data-provider="scenarios" finished-at="2023-06-17T16:04:23 EDT" duration-ms="11270" status="PASS">
          <params>
            <param index="0">
              <value>
                <![CDATA["User can login to the application with valid credentials and purchase the specific men's jacket."]]>
              </value>
            </param>
            <param index="1">
              <value>
                <![CDATA["Optional[valid user can purchase the men jacket.]"]]>
              </value>
            </param>
          </params>
          <reporter-output>
          </reporter-output>
        </test-method> <!-- runScenario -->
        <test-method is-config="true" signature="tearDownClass()[pri:0, instance:smarttech.ny.myrunner.TestRunner@54a7079e]" started-at="2023-06-17T16:04:23 EDT" name="tearDownClass" finished-at="2023-06-17T16:04:23 EDT" duration-ms="59" status="PASS">
          <reporter-output>
          </reporter-output>
        </test-method> <!-- tearDownClass -->
      </class> <!-- smarttech.ny.myrunner.TestRunner -->
    </test> <!-- functionaltest -->
  </suite> <!-- Suite1 -->
</testng-results>
