<?xml version="1.0" encoding="UTF-8"?>
<testng-results ignored="0" total="1" passed="1" failed="0" skipped="0">
  <reporter-output>
  </reporter-output>
  <suite started-at="2023-05-24T20:01:13 EDT" name="Default suite" finished-at="2023-05-24T20:01:13 EDT" duration-ms="48">
    <groups>
    </groups>
    <test started-at="2023-05-24T20:01:13 EDT" name="Default test" finished-at="2023-05-24T20:01:13 EDT" duration-ms="48">
      <class name="javacoding.challenges.BreakAndContinueStatement">
        <test-method signature="getSkipTheValue()[pri:0, instance:javacoding.challenges.BreakAndContinueStatement@63a12c68]" started-at="2023-05-24T20:01:13 EDT" name="getSkipTheValue" finished-at="2023-05-24T20:01:13 EDT" duration-ms="9" status="PASS">
          <reporter-output>
          </reporter-output>
        </test-method> <!-- getSkipTheValue -->
      </class> <!-- javacoding.challenges.BreakAndContinueStatement -->
    </test> <!-- Default test -->
  </suite> <!-- Default suite -->
</testng-results>
